# Logfile created on 2022-03-03 15:09:43 -0500 by logger.rb/v1.4.2
[03/03/22 15:09:43 -0500 AdminisatorsAir.lan (95491)] INFO : No configuration file loaded, and no configuration found in ENV. For assistance configuring Scout, visit https://docs.scoutapm.com/#ruby-configuration-options
[03/03/22 15:09:43 -0500 AdminisatorsAir.lan (95491)] INFO : Scout Agent [5.1.1] Initialized
[03/03/22 15:09:43 -0500 AdminisatorsAir.lan (95491)] INFO : Not Loading Instruments
[03/03/22 15:09:43 -0500 AdminisatorsAir.lan (95491)] INFO : Scout Agent [5.1.1] Installed
[03/03/22 15:09:43 -0500 AdminisatorsAir.lan (95491)] INFO : Monitoring isn't enabled for the [development] environment.
[03/03/22 15:14:28 -0500 AdminisatorsAir.lan (98467)] INFO : No configuration file loaded, and no configuration found in ENV. For assistance configuring Scout, visit https://docs.scoutapm.com/#ruby-configuration-options
[03/03/22 15:14:28 -0500 AdminisatorsAir.lan (98467)] INFO : Scout Agent [5.1.1] Initialized
[03/03/22 15:14:28 -0500 AdminisatorsAir.lan (98467)] INFO : Not Loading Instruments
[03/03/22 15:14:28 -0500 AdminisatorsAir.lan (98467)] INFO : Scout Agent [5.1.1] Installed
[03/03/22 15:14:28 -0500 AdminisatorsAir.lan (98467)] INFO : Monitoring isn't enabled for the [development] environment.
[03/07/22 14:54:17 -0500 AdminisatorsAir.lan (30078)] INFO : No configuration file loaded, and no configuration found in ENV. For assistance configuring Scout, visit https://docs.scoutapm.com/#ruby-configuration-options
[03/07/22 14:54:17 -0500 AdminisatorsAir.lan (30078)] INFO : Scout Agent [5.1.1] Initialized
[03/07/22 14:54:17 -0500 AdminisatorsAir.lan (30078)] INFO : Not Loading Instruments
[03/07/22 14:54:17 -0500 AdminisatorsAir.lan (30078)] INFO : Scout Agent [5.1.1] Installed
[03/07/22 14:54:17 -0500 AdminisatorsAir.lan (30078)] INFO : Monitoring isn't enabled for the [development] environment.
[03/07/22 15:36:38 -0500 AdminisatorsAir.lan (56690)] INFO : No configuration file loaded, and no configuration found in ENV. For assistance configuring Scout, visit https://docs.scoutapm.com/#ruby-configuration-options
[03/07/22 15:36:38 -0500 AdminisatorsAir.lan (56690)] INFO : Scout Agent [5.1.1] Initialized
[03/07/22 15:36:38 -0500 AdminisatorsAir.lan (56690)] INFO : Not Loading Instruments
[03/07/22 15:36:38 -0500 AdminisatorsAir.lan (56690)] INFO : Scout Agent [5.1.1] Installed
[03/07/22 15:36:38 -0500 AdminisatorsAir.lan (56690)] INFO : Monitoring isn't enabled for the [development] environment.
[03/08/22 15:33:16 -0500 AdminisatorsAir.lan (96789)] INFO : No configuration file loaded, and no configuration found in ENV. For assistance configuring Scout, visit https://docs.scoutapm.com/#ruby-configuration-options
[03/08/22 15:33:16 -0500 AdminisatorsAir.lan (96789)] INFO : Scout Agent [5.1.1] Initialized
[03/08/22 15:33:16 -0500 AdminisatorsAir.lan (96789)] INFO : Not Loading Instruments
[03/08/22 15:33:16 -0500 AdminisatorsAir.lan (96789)] INFO : Scout Agent [5.1.1] Installed
[03/08/22 15:33:16 -0500 AdminisatorsAir.lan (96789)] INFO : Monitoring isn't enabled for the [development] environment.
[03/08/22 17:23:17 -0500 Administrators-MacBook-Air.local (48026)] INFO : No configuration file loaded, and no configuration found in ENV. For assistance configuring Scout, visit https://docs.scoutapm.com/#ruby-configuration-options
[03/08/22 17:23:17 -0500 Administrators-MacBook-Air.local (48026)] INFO : Scout Agent [5.1.1] Initialized
[03/08/22 17:23:17 -0500 Administrators-MacBook-Air.local (48026)] INFO : Not Loading Instruments
[03/08/22 17:23:17 -0500 Administrators-MacBook-Air.local (48026)] INFO : Scout Agent [5.1.1] Installed
[03/08/22 17:23:17 -0500 Administrators-MacBook-Air.local (48026)] INFO : Monitoring isn't enabled for the [development] environment.
[03/08/22 17:24:47 -0500 AdminisatorsAir.lan (49132)] INFO : No configuration file loaded, and no configuration found in ENV. For assistance configuring Scout, visit https://docs.scoutapm.com/#ruby-configuration-options
[03/08/22 17:24:47 -0500 AdminisatorsAir.lan (49132)] INFO : Scout Agent [5.1.1] Initialized
[03/08/22 17:24:47 -0500 AdminisatorsAir.lan (49132)] INFO : Not Loading Instruments
[03/08/22 17:24:47 -0500 AdminisatorsAir.lan (49132)] INFO : Scout Agent [5.1.1] Installed
[03/08/22 17:24:48 -0500 AdminisatorsAir.lan (49132)] INFO : Monitoring isn't enabled for the [development] environment.
[03/08/22 17:30:31 -0500 AdminisatorsAir.lan (52564)] INFO : No configuration file loaded, and no configuration found in ENV. For assistance configuring Scout, visit https://docs.scoutapm.com/#ruby-configuration-options
[03/08/22 17:30:31 -0500 AdminisatorsAir.lan (52564)] INFO : Scout Agent [5.1.1] Initialized
[03/08/22 17:30:31 -0500 AdminisatorsAir.lan (52564)] INFO : Not Loading Instruments
[03/08/22 17:30:31 -0500 AdminisatorsAir.lan (52564)] INFO : Scout Agent [5.1.1] Installed
[03/08/22 17:30:31 -0500 AdminisatorsAir.lan (52564)] INFO : Monitoring isn't enabled for the [development] environment.
[03/09/22 09:10:22 -0500 AdminisatorsAir.lan (73717)] INFO : No configuration file loaded, and no configuration found in ENV. For assistance configuring Scout, visit https://docs.scoutapm.com/#ruby-configuration-options
[03/09/22 09:10:22 -0500 AdminisatorsAir.lan (73717)] INFO : Scout Agent [5.1.1] Initialized
[03/09/22 09:10:22 -0500 AdminisatorsAir.lan (73717)] INFO : Not Loading Instruments
[03/09/22 09:10:22 -0500 AdminisatorsAir.lan (73717)] INFO : Scout Agent [5.1.1] Installed
[03/09/22 09:10:22 -0500 AdminisatorsAir.lan (73717)] INFO : Monitoring isn't enabled for the [development] environment.
[03/09/22 09:26:36 -0500 AdminisatorsAir.lan (83934)] INFO : No configuration file loaded, and no configuration found in ENV. For assistance configuring Scout, visit https://docs.scoutapm.com/#ruby-configuration-options
[03/09/22 09:26:36 -0500 AdminisatorsAir.lan (83934)] INFO : Scout Agent [5.1.1] Initialized
[03/09/22 09:26:36 -0500 AdminisatorsAir.lan (83934)] INFO : Not Loading Instruments
[03/09/22 09:26:36 -0500 AdminisatorsAir.lan (83934)] INFO : Scout Agent [5.1.1] Installed
[03/09/22 09:26:36 -0500 AdminisatorsAir.lan (83934)] INFO : Monitoring isn't enabled for the [development] environment.
[03/09/22 09:58:27 -0500 AdminisatorsAir.lan (4429)] INFO : No configuration file loaded, and no configuration found in ENV. For assistance configuring Scout, visit https://docs.scoutapm.com/#ruby-configuration-options
[03/09/22 09:58:27 -0500 AdminisatorsAir.lan (4429)] INFO : Scout Agent [5.1.1] Initialized
[03/09/22 09:58:27 -0500 AdminisatorsAir.lan (4429)] INFO : Not Loading Instruments
[03/09/22 09:58:27 -0500 AdminisatorsAir.lan (4429)] INFO : Scout Agent [5.1.1] Installed
[03/09/22 09:58:27 -0500 AdminisatorsAir.lan (4429)] INFO : Monitoring isn't enabled for the [development] environment.
[03/09/22 10:15:22 -0500 AdminisatorsAir.lan (15042)] INFO : No configuration file loaded, and no configuration found in ENV. For assistance configuring Scout, visit https://docs.scoutapm.com/#ruby-configuration-options
[03/09/22 10:15:22 -0500 AdminisatorsAir.lan (15042)] INFO : Scout Agent [5.1.1] Initialized
[03/09/22 10:15:22 -0500 AdminisatorsAir.lan (15042)] INFO : Not Loading Instruments
[03/09/22 10:15:22 -0500 AdminisatorsAir.lan (15042)] INFO : Scout Agent [5.1.1] Installed
[03/09/22 10:15:22 -0500 AdminisatorsAir.lan (15042)] INFO : Monitoring isn't enabled for the [development] environment.
[03/09/22 10:45:04 -0500 AdminisatorsAir.lan (33746)] INFO : No configuration file loaded, and no configuration found in ENV. For assistance configuring Scout, visit https://docs.scoutapm.com/#ruby-configuration-options
[03/09/22 10:45:04 -0500 AdminisatorsAir.lan (33746)] INFO : Scout Agent [5.1.1] Initialized
[03/09/22 10:45:04 -0500 AdminisatorsAir.lan (33746)] INFO : Not Loading Instruments
[03/09/22 10:45:04 -0500 AdminisatorsAir.lan (33746)] INFO : Scout Agent [5.1.1] Installed
[03/09/22 10:45:05 -0500 AdminisatorsAir.lan (33746)] INFO : Monitoring isn't enabled for the [development] environment.
[03/09/22 10:47:08 -0500 AdminisatorsAir.lan (34961)] INFO : No configuration file loaded, and no configuration found in ENV. For assistance configuring Scout, visit https://docs.scoutapm.com/#ruby-configuration-options
[03/09/22 10:47:08 -0500 AdminisatorsAir.lan (34961)] INFO : Scout Agent [5.1.1] Initialized
[03/09/22 10:47:08 -0500 AdminisatorsAir.lan (34961)] INFO : Not Loading Instruments
[03/09/22 10:47:08 -0500 AdminisatorsAir.lan (34961)] INFO : Scout Agent [5.1.1] Installed
[03/09/22 10:47:08 -0500 AdminisatorsAir.lan (34961)] INFO : Monitoring isn't enabled for the [development] environment.
[03/09/22 11:01:43 -0500 AdminisatorsAir.lan (44248)] INFO : No configuration file loaded, and no configuration found in ENV. For assistance configuring Scout, visit https://docs.scoutapm.com/#ruby-configuration-options
[03/09/22 11:01:43 -0500 AdminisatorsAir.lan (44248)] INFO : Scout Agent [5.1.1] Initialized
[03/09/22 11:01:43 -0500 AdminisatorsAir.lan (44248)] INFO : Not Loading Instruments
[03/09/22 11:01:43 -0500 AdminisatorsAir.lan (44248)] INFO : Scout Agent [5.1.1] Installed
[03/09/22 11:01:43 -0500 AdminisatorsAir.lan (44248)] INFO : Monitoring isn't enabled for the [development] environment.
[03/09/22 11:11:04 -0500 AdminisatorsAir.lan (50198)] INFO : No configuration file loaded, and no configuration found in ENV. For assistance configuring Scout, visit https://docs.scoutapm.com/#ruby-configuration-options
[03/09/22 11:11:04 -0500 AdminisatorsAir.lan (50198)] INFO : Scout Agent [5.1.1] Initialized
[03/09/22 11:11:04 -0500 AdminisatorsAir.lan (50198)] INFO : Not Loading Instruments
[03/09/22 11:11:04 -0500 AdminisatorsAir.lan (50198)] INFO : Scout Agent [5.1.1] Installed
[03/09/22 11:11:04 -0500 AdminisatorsAir.lan (50198)] INFO : Monitoring isn't enabled for the [development] environment.
[03/09/22 11:12:21 -0500 AdminisatorsAir.lan (50957)] INFO : No configuration file loaded, and no configuration found in ENV. For assistance configuring Scout, visit https://docs.scoutapm.com/#ruby-configuration-options
[03/09/22 11:12:21 -0500 AdminisatorsAir.lan (50957)] INFO : Scout Agent [5.1.1] Initialized
[03/09/22 11:12:21 -0500 AdminisatorsAir.lan (50957)] INFO : Not Loading Instruments
[03/09/22 11:12:21 -0500 AdminisatorsAir.lan (50957)] INFO : Scout Agent [5.1.1] Installed
[03/09/22 11:12:21 -0500 AdminisatorsAir.lan (50957)] INFO : Monitoring isn't enabled for the [development] environment.
[03/09/22 11:13:13 -0500 AdminisatorsAir.lan (51522)] INFO : No configuration file loaded, and no configuration found in ENV. For assistance configuring Scout, visit https://docs.scoutapm.com/#ruby-configuration-options
[03/09/22 11:13:13 -0500 AdminisatorsAir.lan (51522)] INFO : Scout Agent [5.1.1] Initialized
[03/09/22 11:13:13 -0500 AdminisatorsAir.lan (51522)] INFO : Not Loading Instruments
[03/09/22 11:13:13 -0500 AdminisatorsAir.lan (51522)] INFO : Scout Agent [5.1.1] Installed
[03/09/22 11:13:13 -0500 AdminisatorsAir.lan (51522)] INFO : Monitoring isn't enabled for the [development] environment.
